<?xml version="1.0" encoding="UTF-8"?>
<!-- Generated by org.testng.reporters.JUnitReportReporter -->
<testsuite hostname="job-jonkergouws-MacBook-Pro.local" name="SAFTests" tests="1" failures="0" timestamp="22 Jan 2012 16:08:40 GMT" time="0.021" errors="0">
  <testcase name="testNewline" time="0.021" classname="SAFTests"/>
</testsuite>
